Determining if the include file pthread.h exists failed with the following output:
Change Dir: F:/Projects/BoAaP/LabNumber5/cmake-build-debug/CMakeFiles/CMakeTmp

Run Build Command(s):F:/CLion 2022.2.1/bin/ninja/win/ninja.exe cmTC_1d6ee && [1/2] Building C object CMakeFiles\cmTC_1d6ee.dir\CheckIncludeFile.c.obj
FAILED: CMakeFiles/cmTC_1d6ee.dir/CheckIncludeFile.c.obj 
C:\PROGRA~1\MICROS~1\2022\COMMUN~1\VC\Tools\MSVC\1433~1.316\bin\Hostx86\x86\cl.exe  /nologo   /DWIN32 /D_WINDOWS  /Zi /Ob0 /Od /RTC1 -MDd /showIncludes /FoCMakeFiles\cmTC_1d6ee.dir\CheckIncludeFile.c.obj /FdCMakeFiles\cmTC_1d6ee.dir\ /FS -c F:\Projects\BoAaP\LabNumber5\cmake-build-debug\CMakeFiles\CMakeTmp\CheckIncludeFile.c
F:\Projects\BoAaP\LabNumber5\cmake-build-debug\CMakeFiles\CMakeTmp\CheckIncludeFile.c(1): fatal error C1083: Cannot open include file: 'pthread.h': No such file or directory
ninja: build stopped: subcommand failed.



Performing C++ SOURCE FILE Test COMPILER_HAS_DEPRECATED_ATTR failed with the following output:
Change Dir: F:/Projects/BoAaP/LabNumber5/cmake-build-debug/CMakeFiles/CMakeTmp

Run Build Command(s):F:/CLion 2022.2.1/bin/ninja/win/ninja.exe cmTC_6e8a0 && [1/2] Building CXX object CMakeFiles\cmTC_6e8a0.dir\src.cxx.obj
FAILED: CMakeFiles/cmTC_6e8a0.dir/src.cxx.obj 
C:\PROGRA~1\MICROS~1\2022\COMMUN~1\VC\Tools\MSVC\1433~1.316\bin\Hostx86\x86\cl.exe  /nologo /TP -DCOMPILER_HAS_DEPRECATED_ATTR  /DWIN32 /D_WINDOWS /EHsc  /Zi /Ob0 /Od /RTC1 -MDd /showIncludes /FoCMakeFiles\cmTC_6e8a0.dir\src.cxx.obj /FdCMakeFiles\cmTC_6e8a0.dir\ /FS -c F:\Projects\BoAaP\LabNumber5\cmake-build-debug\CMakeFiles\CMakeTmp\src.cxx
F:\Projects\BoAaP\LabNumber5\cmake-build-debug\CMakeFiles\CMakeTmp\src.cxx(1): error C2065: '__deprecated__': undeclared identifier
F:\Projects\BoAaP\LabNumber5\cmake-build-debug\CMakeFiles\CMakeTmp\src.cxx(1): error C4430: missing type specifier - int assumed. Note: C++ does not support default-int
F:\Projects\BoAaP\LabNumber5\cmake-build-debug\CMakeFiles\CMakeTmp\src.cxx(1): error C2062: type 'int' unexpected
F:\Projects\BoAaP\LabNumber5\cmake-build-debug\CMakeFiles\CMakeTmp\src.cxx(1): error C2143: syntax error: missing ';' before '{'
F:\Projects\BoAaP\LabNumber5\cmake-build-debug\CMakeFiles\CMakeTmp\src.cxx(1): error C2447: '{': missing function header (old-style formal list?)
F:\Projects\BoAaP\LabNumber5\cmake-build-debug\CMakeFiles\CMakeTmp\src.cxx(2): error C3861: 'somefunc': identifier not found
ninja: build stopped: subcommand failed.


Source file was:
__attribute__((__deprecated__)) int somefunc() { return 0; }
    int main() { return somefunc();}
