Performing C++ SOURCE FILE Test COMPILER_HAS_DEPRECATED_ATTR failed with the following output:
Change Dir: F:/Projects/BoAaP/library/shared_lib/build/CMakeFiles/CMakeTmp

Run Build Command(s):C:/Program Files/Microsoft Visual Studio/2022/Community/MSBuild/Current/Bin/amd64/MSBuild.exe cmTC_552dd.vcxproj /p:Configuration=Debug /p:Platform=x64 /p:VisualStudioVersion=17.0 /v:m && MSBuild version 17.3.1+2badb37d1 for .NET Framework
  Microsoft (R) C/C++ Optimizing Compiler Version 19.33.31629 for x64
  src.cxx
F:\Projects\BoAaP\library\shared_lib\build\CMakeFiles\CMakeTmp\src.cxx(1,16): error C2065: '__deprecated__': undeclared identifier [F:\Projects\BoAaP\library\shared_lib\build\CMakeFiles\CMakeTmp\cmTC_552dd.vcxproj]
F:\Projects\BoAaP\library\shared_lib\build\CMakeFiles\CMakeTmp\src.cxx(1,31): error C4430: missing type specifier - int assumed. Note: C++ does not support default-int [F:\Projects\BoAaP\library\shared_lib\build\CMakeFiles\CMakeTmp\cmTC_552dd.vcxproj]
F:\Projects\BoAaP\library\shared_lib\build\CMakeFiles\CMakeTmp\src.cxx(1,33): error C2062: type 'int' unexpected [F:\Projects\BoAaP\library\shared_lib\build\CMakeFiles\CMakeTmp\cmTC_552dd.vcxproj]
F:\Projects\BoAaP\library\shared_lib\build\CMakeFiles\CMakeTmp\src.cxx(1,48): error C2143: syntax error: missing ';' before '{' [F:\Projects\BoAaP\library\shared_lib\build\CMakeFiles\CMakeTmp\cmTC_552dd.vcxproj]
F:\Projects\BoAaP\library\shared_lib\build\CMakeFiles\CMakeTmp\src.cxx(1,48): error C2447: '{': missing function header (old-style formal list?) [F:\Projects\BoAaP\library\shared_lib\build\CMakeFiles\CMakeTmp\cmTC_552dd.vcxproj]
F:\Projects\BoAaP\library\shared_lib\build\CMakeFiles\CMakeTmp\src.cxx(2,25): error C3861: 'somefunc': identifier not found [F:\Projects\BoAaP\library\shared_lib\build\CMakeFiles\CMakeTmp\cmTC_552dd.vcxproj]
  Copyright (C) Microsoft Corporation.  All rights reserved.
  cl /c /Zi /W1 /WX- /diagnostics:column /Od /Ob0 /D _MBCS /D WIN32 /D _WINDOWS /D COMPILER_HAS_DEPRECATED_ATTR /D "CMAKE_INTDIR=\"Debug\"" /Gm- /EHsc /RTC1 /MDd /GS /fp:precise /Zc:wchar_t /Zc:forScope /Zc:inline /Fo"cmTC_552dd.dir\Debug\\" /Fd"cmTC_552dd.dir\Debug\vc143.pdb" /external:W1 /Gd /TP /errorReport:queue F:\Projects\BoAaP\library\shared_lib\build\CMakeFiles\CMakeTmp\src.cxx


Source file was:
__attribute__((__deprecated__)) int somefunc() { return 0; }
    int main() { return somefunc();}
