Performing C++ SOURCE FILE Test COMPILER_HAS_DEPRECATED_ATTR failed with the following output:
Change Dir: F:/Projects/BoAaP/library/shared_lib/cmake-build-debug/CMakeFiles/CMakeTmp

Run Build Command(s):F:/CLion 2022.2.1/bin/ninja/win/ninja.exe cmTC_d16b1 && [1/2] Building CXX object CMakeFiles\cmTC_d16b1.dir\src.cxx.obj
FAILED: CMakeFiles/cmTC_d16b1.dir/src.cxx.obj 
C:\PROGRA~1\MICROS~1\2022\COMMUN~1\VC\Tools\MSVC\1433~1.316\bin\Hostx86\x86\cl.exe  /nologo /TP -DCOMPILER_HAS_DEPRECATED_ATTR  /DWIN32 /D_WINDOWS /EHsc  /Zi /Ob0 /Od /RTC1 -MDd /showIncludes /FoCMakeFiles\cmTC_d16b1.dir\src.cxx.obj /FdCMakeFiles\cmTC_d16b1.dir\ /FS -c F:\Projects\BoAaP\library\shared_lib\cmake-build-debug\CMakeFiles\CMakeTmp\src.cxx
F:\Projects\BoAaP\library\shared_lib\cmake-build-debug\CMakeFiles\CMakeTmp\src.cxx(1): error C2065: '__deprecated__': undeclared identifier
F:\Projects\BoAaP\library\shared_lib\cmake-build-debug\CMakeFiles\CMakeTmp\src.cxx(1): error C4430: missing type specifier - int assumed. Note: C++ does not support default-int
F:\Projects\BoAaP\library\shared_lib\cmake-build-debug\CMakeFiles\CMakeTmp\src.cxx(1): error C2062: type 'int' unexpected
F:\Projects\BoAaP\library\shared_lib\cmake-build-debug\CMakeFiles\CMakeTmp\src.cxx(1): error C2143: syntax error: missing ';' before '{'
F:\Projects\BoAaP\library\shared_lib\cmake-build-debug\CMakeFiles\CMakeTmp\src.cxx(1): error C2447: '{': missing function header (old-style formal list?)
F:\Projects\BoAaP\library\shared_lib\cmake-build-debug\CMakeFiles\CMakeTmp\src.cxx(2): error C3861: 'somefunc': identifier not found
ninja: build stopped: subcommand failed.


Source file was:
__attribute__((__deprecated__)) int somefunc() { return 0; }
    int main() { return somefunc();}
